<?xml version="1.0" encoding="UTF-8"?>
<!-- Generated by org.testng.reporters.JUnitXMLReporter -->
<testsuite hostname="DESKTOP-A9ARH4A" failures="0" tests="3" name="Parallel Tests" time="73.741" errors="0" timestamp="10 Oct 2020 07:09:40 GMT">
  <testcase classname="com.Module.RightTemplate.Suspend_UnsuspendRightTemplate" name="SUSPEND_UNSUSPEND_RIGHT_TEMPLATE" time="71.381"/>
  <testcase classname="com.Module.RightTemplate.UpdateRightTemplate" name="UPDATE_RIGHT_TEMPLATE" time="71.915"/>
  <testcase classname="com.Module.RightTemplate.CreateRightTemplate" name="CREATE_RIGHT_TEMPLATE" time="73.681"/>
</testsuite> <!-- Parallel Tests -->
