<?xml version="1.0" encoding="UTF-8"?>
<testsuite xmlns:xsi="http://www.w3.org/2001/XMLSchema-instance" xsi:noNamespaceSchemaLocation="https://maven.apache.org/surefire/maven-surefire-plugin/xsd/surefire-test-report-3.0.xsd" version="3.0" name="TestSuite" time="74.364" tests="3" errors="0" skipped="0" failures="0">
  <properties>
[...]
</properties>
  <testcase name="SUSPEND_UNSUSPEND_RIGHT_TEMPLATE" classname="com.Module.RightTemplate.Suspend_UnsuspendRightTemplate" time="71.387">
    <system-out><![CDATA[[TestNGContentHandler] [WARN] It is strongly recommended to add "<!DOCTYPE suite SYSTEM "http://testng.org/testng-1.0.dtd" >" at the top of your file, otherwise TestNG may fail or not work as expected.
********************SUSPEND UNSUSPENDED RIGHT TEMPLATE********************
]]></system-out>
    <system-err><![CDATA[SLF4J: Failed to load class "org.slf4j.impl.StaticLoggerBinder".
SLF4J: Defaulting to no-operation (NOP) logger implementation
SLF4J: See http://www.slf4j.org/codes.html#StaticLoggerBinder for further details.
1602313707129	geckodriver	INFO	Listening on 127.0.0.1:33152
1160231370716023321	3g7e0c7132k	ogderckodirviveer	INrFO	Listening	 IonN F127.0.0.1:39O353
	Listening on 127.0.0.1:31359
1602313707889	mozrunner::runner	INFO	Running command: "C:\\Program Files\\Mozilla Firefox\\firefox1.6e0x2e3"13 7"07-8-91m	maozrionreutnntere::"ru n"ne-r	fIoNFrO	eRugnrnoiungn cdo"mm an"d:- n"Co:\-\Prreomgoratm eFi"l es"\\-Mpozrilolaf iFilreef"ox \\"fCir:ef\o\x.Uexsee" r"s-\-m\aCrRioOnWeNtt_e~" 1\\Ap"p-Dfata\\oLreogcal\ro\Teumpn\d\rust_mozprofi"l e"Y-n6oZ-qrhemVo"t
e" "-profile" "C:\\Users\\CROWN_~1\\AppData\\Local\\Temp\\rust_mozprofilebmLCPf"
1602313707895	mozrunner::runner	INFO	Running command: "C:\\Program Files\\Mozilla Firefox\\firefox.exe" "--marionette" "-foreground" "-no-remote" "-profile" "C:\\Users\\CROWN_~1\\AppData\\Local\\Temp\\rust_mozprofileIlXbI1"
JavaScript error: resource://gre/modules/XULStore.jsm, line 66: Error: Can't find profile directory.
JavaScript error: resource://gre/modules/XULStore.jsm, line 66: Error: Can't find profile directory.
JavaScript error: resource://gre/modules/XULStore.jsm, line 66: Error: Can't find profile directory.
console.error: SearchCache: "_readCacheFile: Error reading cache file:" (new Error("", "(unknown module)"))
console.error: SearchCache: "_readCacheFile: Error reading cache file:" (new Error("", "(unknown module)"))
console.error: SearchCache: "_readCacheFile: Error reading cache file:" (new Error("", "(unknown module)"))
console.error: "Could not write session state file " (new Error("_initWorker called too early! Please read the session file from disk first.", "resource:///modules/sessionstore/SessionFile.jsm", 375)) "_initWorker/<@resource:///modules/sessionstore/SessionFile.jsm:375:15\n_initWorker@resource:///modules/sessionstore/SessionFile.jsm:368:12\n_postToWorker@resource:///modules/sessionstore/SessionFile.jsm:410:16\nwrite@resource:///modules/sessionstore/SessionFile.jsm:448:24\nwrite@resource:///modules/sessionstore/SessionFile.jsm:75:32\n_writeState@resource:///modules/sessionstore/SessionSaver.jsm:360:24\n_saveState@resource:///modules/sessionstore/SessionSaver.jsm:294:17\n_saveStateAsync@resource:///modules/sessionstore/SessionSaver.jsm:344:10\nsaveStateAsyncWhenIdle@resource:///modules/sessionstore/SessionSaver.jsm:191:14\ncallback@resource://gre/modules/Timer.jsm:127:16\n"
console.error: "Could not write session state file " (new Error("_initWorker called too early! Please read the session file from disk first.", "resource:///modules/sessionstore/SessionFile.jsm", 375)) "_initWorker/<@resource:///modules/sessionstore/SessionFile.jsm:375:15\n_initWorker@resource:///modules/sessionstore/SessionFile.jsm:368:12\n_postToWorker@resource:///modules/sessionstore/SessionFile.jsm:410:16\nwrite@resource:///modules/sessionstore/SessionFile.jsm:448:24\nwrite@resource:///modules/sessionstore/SessionFile.jsm:75:32\n_writeState@resource:///modules/sessionstore/SessionSaver.jsm:360:24\n_saveState@resource:///modules/sessionstore/SessionSaver.jsm:294:17\n_saveStateAsync@resource:///modules/sessionstore/SessionSaver.jsm:344:10\nsaveStateAsyncWhenIdle@resource:///modules/sessionstore/SessionSaver.jsm:191:14\ncallback@resource://gre/modules/Timer.jsm:127:16\n"
1602313717109	Marionette	INFO	Listening on port 60243
1602313717248	Marionette	WARN	TLS certificate errors will be ignored for this session
Oct 10, 2020 8:08:37 AM org.openqa.selenium.remote.ProtocolHandshake createSession
INFO: Detected dialect: W3C
1602313717357	Marionette	INFO	Listening on port 60242
1602313717559	Marionette	INFO	Listening on port 60244
1602313717749	Marionette	WARN	TLS certificate errors will be ignored for this session
Oct 10, 2020 8:08:37 AM org.openqa.selenium.remote.ProtocolHandshake createSession
INFO: Detected dialect: W3C
1602313718015	Marionette	WARN	TLS certificate errors will be ignored for this session
Oct 10, 2020 8:08:38 AM org.openqa.selenium.remote.ProtocolHandshake createSession
INFO: Detected dialect: W3C
1602313759899	Marionette	WARN	TimedPromise timed out after 500 ms: stacktrace:
TimedPromise/<@chrome://marionette/content/sync.js:245:13
TimedPromise@chrome://marionette/content/sync.js:230:10
interaction.flushEventLoop@chrome://marionette/content/interaction.js:416:10
webdriverClickElement@chrome://marionette/content/interaction.js:182:31
1602313766918	Marionette	WARN	TimedPromise timed out after 500 ms: stacktrace:
TimedPromise/<@chrome://marionette/content/sync.js:245:13
TimedPromise@chrome://marionette/content/sync.js:230:10
interaction.flushEventLoop@chrome://marionette/content/interaction.js:416:10
webdriverClickElement@chrome://marionette/content/interaction.js:182:31
1602313769683	Marionette	INFO	Stopped listening on port 60243
1602313769773	Marionette	INFO	Stopped listening on port 60244
IPDL protocol error: Handler returned error code!

###!!! [Parent][DispatchAsyncMessage] Error: PLayerTransaction::Msg_ReleaseLayer Processing error: message was deserialized, but the handler returned false (indicating failure)


###!!! [Child][RunMessage] Error: Channel closing: too late to send/recv, messages will be lost


###!!! [Child][MessageChannel::SendAndWait] Error: Channel error: cannot send/recv

1602313775047	Marionette	INFO	Stopped listening on port 60242
*** UTM:SVC TimerManager:registerTimer called after profile-before-change notification. Ignoring timer registration for id: telemetry_modules_ping
*** UTM:SVC TimerManager:registerTimer called after profile-before-change notification. Ignoring timer registration for id: telemetry_untrustedmodules_ping

###!!! [Child][MessageChannel::SendAndWait] Error: Channel error: cannot send/recv

]]></system-err>
  </testcase>
  <testcase name="UPDATE_RIGHT_TEMPLATE" classname="com.Module.RightTemplate.UpdateRightTemplate" time="71.913">
    <system-out><![CDATA[********************UPDATE RIGHT TEMPLATE********************
]]></system-out>
    <system-err><![CDATA[
###!!! [Child][MessageChannel::SendAndWait] Error: Channel error: cannot send/recv

]]></system-err>
  </testcase>
  <testcase name="CREATE_RIGHT_TEMPLATE" classname="com.Module.RightTemplate.CreateRightTemplate" time="73.677">
    <system-out><![CDATA[********************All Test Execution is Completed********************
********************All Test Execution is Completed********************
********************CREATE RIGHT TEMPLATE********************
]]></system-out>
  </testcase>
</testsuite>