<?xml version="1.0" encoding="UTF-8"?>
<testng-results total="3" passed="3" failed="0" skipped="0">
  <reporter-output>
  </reporter-output>
  <suite started-at="2020-10-10T07:08:26Z" name="Suite" finished-at="2020-10-10T07:09:40Z" duration-ms="73741">
    <groups>
    </groups>
    <test started-at="2020-10-10T07:08:26Z" name="Parallel Tests" finished-at="2020-10-10T07:09:40Z" duration-ms="73741">
      <class name="com.Module.RightTemplate.CreateRightTemplate">
        <test-method signature="CREATE_RIGHT_TEMPLATE()[pri:0, instance:com.Module.RightTemplate.CreateRightTemplate@3c87521]" started-at="2020-10-10T08:08:26Z" name="CREATE_RIGHT_TEMPLATE" finished-at="2020-10-10T08:09:40Z" duration-ms="73681" status="PASS">
          <reporter-output>
          </reporter-output>
        </test-method> <!-- CREATE_RIGHT_TEMPLATE -->
        <test-method is-config="true" signature="getResult(org.testng.ITestResult)[pri:0, instance:com.Module.RightTemplate.CreateRightTemplate@3c87521]" started-at="2020-10-10T08:09:40Z" name="getResult" finished-at="2020-10-10T08:09:40Z" duration-ms="50" status="PASS">
          <params>
            <param index="0">
              <value>
                <![CDATA[[TestResult name=CREATE_RIGHT_TEMPLATE status=SUCCESS method=CreateRightTemplate.CREATE_RIGHT_TEMPLATE()[pri:0, instance:com.Module.RightTemplate.CreateRightTemplate@3c87521] output={null}]]]>
              </value>
            </param>
          </params>
          <reporter-output>
          </reporter-output>
        </test-method> <!-- getResult -->
      </class> <!-- com.Module.RightTemplate.CreateRightTemplate -->
      <class name="com.Module.RightTemplate.UpdateRightTemplate">
        <test-method signature="UPDATE_RIGHT_TEMPLATE()[pri:0, instance:com.Module.RightTemplate.UpdateRightTemplate@14a2f921]" started-at="2020-10-10T08:08:26Z" name="UPDATE_RIGHT_TEMPLATE" finished-at="2020-10-10T08:09:38Z" duration-ms="71915" status="PASS">
          <reporter-output>
          </reporter-output>
        </test-method> <!-- UPDATE_RIGHT_TEMPLATE -->
        <test-method is-config="true" signature="getResult(org.testng.ITestResult)[pri:0, instance:com.Module.RightTemplate.UpdateRightTemplate@14a2f921]" started-at="2020-10-10T08:09:38Z" name="getResult" finished-at="2020-10-10T08:09:38Z" duration-ms="154" status="PASS">
          <params>
            <param index="0">
              <value>
                <![CDATA[[TestResult name=UPDATE_RIGHT_TEMPLATE status=SUCCESS method=UpdateRightTemplate.UPDATE_RIGHT_TEMPLATE()[pri:0, instance:com.Module.RightTemplate.UpdateRightTemplate@14a2f921] output={null}]]]>
              </value>
            </param>
          </params>
          <reporter-output>
          </reporter-output>
        </test-method> <!-- getResult -->
      </class> <!-- com.Module.RightTemplate.UpdateRightTemplate -->
      <class name="com.Module.RightTemplate.Suspend_UnsuspendRightTemplate">
        <test-method is-config="true" signature="setup()[pri:0, instance:com.Module.RightTemplate.Suspend_UnsuspendRightTemplate@212bf671]" started-at="2020-10-10T08:08:26Z" name="setup" finished-at="2020-10-10T08:08:26Z" duration-ms="164" status="PASS">
          <reporter-output>
          </reporter-output>
        </test-method> <!-- setup -->
        <test-method signature="SUSPEND_UNSUSPEND_RIGHT_TEMPLATE()[pri:0, instance:com.Module.RightTemplate.Suspend_UnsuspendRightTemplate@212bf671]" started-at="2020-10-10T08:08:26Z" name="SUSPEND_UNSUSPEND_RIGHT_TEMPLATE" finished-at="2020-10-10T08:09:37Z" duration-ms="71381" status="PASS">
          <reporter-output>
          </reporter-output>
        </test-method> <!-- SUSPEND_UNSUSPEND_RIGHT_TEMPLATE -->
        <test-method is-config="true" signature="getResult(org.testng.ITestResult)[pri:0, instance:com.Module.RightTemplate.Suspend_UnsuspendRightTemplate@212bf671]" started-at="2020-10-10T08:09:37Z" name="getResult" finished-at="2020-10-10T08:09:38Z" duration-ms="610" status="PASS">
          <params>
            <param index="0">
              <value>
                <![CDATA[[TestResult name=SUSPEND_UNSUSPEND_RIGHT_TEMPLATE status=SUCCESS method=Suspend_UnsuspendRightTemplate.SUSPEND_UNSUSPEND_RIGHT_TEMPLATE()[pri:0, instance:com.Module.RightTemplate.Suspend_UnsuspendRightTemplate@212bf671] output={null}]]]>
              </value>
            </param>
          </params>
          <reporter-output>
          </reporter-output>
        </test-method> <!-- getResult -->
      </class> <!-- com.Module.RightTemplate.Suspend_UnsuspendRightTemplate -->
    </test> <!-- Parallel Tests -->
  </suite> <!-- Suite -->
</testng-results>
